<?xml version="1.0" encoding="UTF-8"?>
<!-- Generated by org.testng.reporters.JUnitReportReporter -->
<testsuite skipped="0" hostname="BHASKAR" name="MySoftwareCompany.RESTAPITest" tests="2" failures="0" timestamp="02 Aug 2019 09:45:47 GMT" time="0.030" errors="0">
  <testcase name="deleteTwitter" time="0.020" classname="MySoftwareCompany.RESTAPITest"/>
  <testcase name="postJira" time="0.010" classname="MySoftwareCompany.RESTAPITest"/>
</testsuite> <!-- MySoftwareCompany.RESTAPITest -->
