<?xml version="1.0" encoding="UTF-8"?>
<!-- Generated by org.testng.reporters.JUnitReportReporter -->
<testsuite skipped="0" hostname="BHASKAR" name="MySoftwareCompany.ABC" tests="1" failures="0" timestamp="24 Jul 2019 13:52:16 GMT" time="0.000" errors="0">
  <testcase name="notRun" time="0.000" classname="MySoftwareCompany.ABC"/>
</testsuite> <!-- MySoftwareCompany.ABC -->
