<?xml version="1.0" encoding="UTF-8"?>
<!-- Generated by org.testng.reporters.JUnitReportReporter -->
<testsuite skipped="0" hostname="BHASKAR" name="MySoftwareCompany.SeleniumTest" tests="2" failures="0" timestamp="24 Jul 2019 14:44:18 GMT" time="0.000" errors="0">
  <testcase name="elementUI" time="0.000" classname="MySoftwareCompany.SeleniumTest"/>
  <testcase name="BrowserAutomation" time="0.000" classname="MySoftwareCompany.SeleniumTest"/>
</testsuite> <!-- MySoftwareCompany.SeleniumTest -->
